\BOOKMARK [1][-]{section.1}{\376\377\000I\000N\000T\000R\000O\000D\000U\000C\000T\000I\000O\000N}{}% 1
\BOOKMARK [1][-]{section.2}{\376\377\000L\000I\000T\000E\000R\000A\000T\000U\000R\000E\000\040\000R\000E\000V\000I\000E\000W}{}% 2
\BOOKMARK [1][-]{section.3}{\376\377\000S\000C\000O\000P\000E\000\040\000O\000F\000\040\000T\000H\000E\000\040\000P\000R\000O\000J\000E\000C\000T}{}% 3
\BOOKMARK [2][-]{subsection.3.1}{\376\377\000P\000r\000o\000b\000l\000e\000m\000\040\000D\000e\000f\000i\000n\000i\000t\000i\000o\000n}{section.3}% 4
\BOOKMARK [3][-]{subsubsection.3.1.1}{\376\377\000U\000N\000S\000D\000G\000\040\000C\000o\000n\000s\000i\000d\000e\000r\000a\000t\000i\000o\000n\000\040\000f\000o\000r\000\040\000P\000r\000o\000b\000l\000e\000m\000\040\000D\000e\000f\000i\000n\000i\000t\000i\000o\000n}{subsection.3.1}% 5
\BOOKMARK [2][-]{subsection.3.2}{\376\377\000O\000b\000j\000e\000c\000t\000i\000v\000e\000s\000\040\000o\000f\000\040\000t\000h\000e\000\040\000S\000t\000u\000d\000y}{section.3}% 6
\BOOKMARK [3][-]{subsubsection.3.2.1}{\376\377\000R\000e\000a\000l\000\040\000L\000i\000f\000e\000\040\000C\000o\000n\000s\000t\000r\000a\000i\000n\000t\000s\000\040\000o\000f\000\040\000t\000h\000e\000\040\000S\000t\000u\000d\000y}{subsection.3.2}% 7
\BOOKMARK [3][-]{subsubsection.3.2.2}{\376\377\000E\000t\000h\000i\000c\000a\000l\000\040\000C\000o\000n\000s\000i\000d\000e\000r\000a\000t\000i\000o\000n\000s}{subsection.3.2}% 8
\BOOKMARK [2][-]{subsection.3.3}{\376\377\000M\000u\000l\000t\000i\000d\000i\000s\000c\000i\000p\000l\000i\000n\000a\000r\000y\000\040\000A\000p\000p\000r\000o\000a\000c\000h\000e\000s\000\040\000a\000n\000d\000\040\000I\000n\000t\000e\000r\000a\000c\000t\000i\000o\000n\000s}{section.3}% 9
\BOOKMARK [1][-]{section.4}{\376\377\000M\000E\000T\000H\000O\000D\000O\000L\000O\000G\000I\000E\000S}{}% 10
\BOOKMARK [2][-]{subsection.4.1}{\376\377\000P\000r\000o\000b\000l\000e\000m\000\040\000F\000o\000r\000m\000u\000l\000a\000t\000i\000o\000n\000\040\000/\000\040\000M\000a\000t\000h\000e\000m\000a\000t\000i\000c\000a\000l\000\040\000M\000o\000d\000e\000l\000\040\000\050\000M\000I\000L\000P\000\051}{section.4}% 11
\BOOKMARK [2][-]{subsection.4.2}{\376\377\000S\000o\000l\000u\000t\000i\000o\000n\000\040\000A\000p\000p\000r\000o\000a\000c\000h}{section.4}% 12
\BOOKMARK [2][-]{subsection.4.3}{\376\377\000E\000x\000p\000e\000r\000i\000m\000e\000n\000t\000a\000l\000\040\000D\000e\000s\000i\000g\000n\000\040\000\050\000S\000c\000e\000n\000a\000r\000i\000o\000s\000\051}{section.4}% 13
\BOOKMARK [1][-]{section.5}{\376\377\000A\000N\000A\000L\000Y\000S\000I\000S\000\040\000A\000N\000D\000\040\000R\000E\000S\000U\000L\000T\000S}{}% 14
\BOOKMARK [2][-]{subsection.5.1}{\376\377\000A\000n\000a\000l\000y\000s\000i\000s}{section.5}% 15
\BOOKMARK [2][-]{subsection.5.2}{\376\377\000R\000e\000s\000u\000l\000t\000s}{section.5}% 16
\BOOKMARK [1][-]{section.6}{\376\377\000D\000I\000S\000C\000U\000S\000S\000I\000O\000N\000S}{}% 17
\BOOKMARK [2][-]{subsection.6.1}{\376\377\000S\000t\000u\000d\000y\000\040\000l\000i\000m\000i\000t\000a\000t\000i\000o\000n\000s}{section.6}% 18
\BOOKMARK [2][-]{subsection.6.2}{\376\377\000A\000p\000p\000l\000i\000c\000a\000b\000i\000l\000i\000t\000y\000\040\000o\000f\000\040\000t\000h\000e\000\040\000p\000r\000o\000j\000e\000c\000t\000\040\000u\000n\000d\000e\000r\000\040\000r\000e\000a\000l\000\040\000l\000i\000f\000e\000\040\000s\000i\000t\000u\000a\000t\000i\000o\000n\000s}{section.6}% 19
\BOOKMARK [2][-]{subsection.6.3}{\376\377\000H\000e\000a\000l\000t\000h\000\040\000a\000n\000d\000\040\000S\000a\000f\000e\000t\000y\000\040\000I\000s\000s\000u\000e\000s}{section.6}% 20
\BOOKMARK [2][-]{subsection.6.4}{\376\377\000L\000e\000g\000a\000l\000\040\000I\000s\000s\000u\000e\000s}{section.6}% 21
\BOOKMARK [2][-]{subsection.6.5}{\376\377\000E\000c\000o\000n\000o\000m\000i\000c\000a\000l\000\040\000I\000s\000s\000u\000e\000s\000\040\000a\000n\000d\000\040\000C\000o\000n\000s\000t\000r\000a\000i\000n\000t\000s}{section.6}% 22
\BOOKMARK [2][-]{subsection.6.6}{\376\377\000S\000u\000s\000t\000a\000i\000n\000a\000b\000i\000l\000i\000t\000y}{section.6}% 23
\BOOKMARK [2][-]{subsection.6.7}{\376\377\000P\000r\000o\000d\000u\000c\000i\000b\000i\000l\000i\000t\000y\000-\000M\000a\000n\000u\000f\000a\000c\000t\000u\000r\000a\000b\000i\000l\000i\000t\000y}{section.6}% 24
\BOOKMARK [2][-]{subsection.6.8}{\376\377\000S\000o\000c\000i\000a\000l\000\040\000a\000n\000d\000\040\000P\000o\000l\000i\000t\000i\000c\000a\000l\000\040\000I\000s\000s\000u\000e\000s}{section.6}% 25
\BOOKMARK [2][-]{subsection.6.9}{\376\377\000E\000n\000v\000i\000r\000o\000n\000m\000e\000n\000t\000a\000l\000\040\000I\000s\000s\000u\000e\000s}{section.6}% 26
\BOOKMARK [2][-]{subsection.6.10}{\376\377\000M\000u\000l\000t\000i\000d\000i\000s\000c\000i\000p\000l\000i\000n\000a\000r\000y\000\040\000C\000o\000l\000l\000a\000b\000o\000r\000a\000t\000i\000o\000n}{section.6}% 27
\BOOKMARK [1][-]{section.7}{\376\377\000C\000O\000N\000C\000L\000U\000S\000I\000O\000N\000S}{}% 28
\BOOKMARK [1][-]{section.8}{\376\377\000P\000R\000O\000J\000E\000C\000T\000\040\000P\000L\000A\000N\000\040\000A\000N\000D\000\040\000F\000U\000T\000U\000R\000E\000\040\000S\000T\000U\000D\000I\000E\000S}{}% 29
\BOOKMARK [1][-]{section.9}{\376\377\000R\000E\000F\000E\000R\000E\000N\000C\000E\000S}{}% 30
\BOOKMARK [1][-]{section.10}{\376\377\000A\000P\000P\000E\000N\000D\000I\000X}{}% 31
\BOOKMARK [1][-]{section.11}{\376\377\000r\000e\000f\000e\000r\000e\000n\000c\000e\000s}{}% 32
