\BOOKMARK [1][-]{section.1}{\376\377\000I\000N\000T\000R\000O\000D\000U\000C\000T\000I\000O\000N}{}% 1
\BOOKMARK [1][-]{section.2}{\376\377\000L\000I\000T\000E\000R\000A\000T\000U\000R\000E\000\040\000R\000E\000V\000I\000E\000W}{}% 2
\BOOKMARK [1][-]{section.3}{\376\377\000S\000C\000O\000P\000E\000\040\000O\000F\000\040\000T\000H\000E\000\040\000P\000R\000O\000J\000E\000C\000T}{}% 3
\BOOKMARK [2][-]{subsection.3.1}{\376\377\000P\000r\000o\000b\000l\000e\000m\000\040\000D\000e\000f\000i\000n\000i\000t\000i\000o\000n}{section.3}% 4
\BOOKMARK [3][-]{subsubsection.3.1.1}{\376\377\000U\000N\000S\000D\000G\000\040\000C\000o\000n\000s\000i\000d\000e\000r\000a\000t\000i\000o\000n\000\040\000f\000o\000r\000\040\000P\000r\000o\000b\000l\000e\000m\000\040\000D\000e\000f\000i\000n\000i\000t\000i\000o\000n}{subsection.3.1}% 5
\BOOKMARK [2][-]{subsection.3.2}{\376\377\000O\000b\000j\000e\000c\000t\000i\000v\000e\000s\000\040\000o\000f\000\040\000t\000h\000e\000\040\000S\000t\000u\000d\000y}{section.3}% 6
\BOOKMARK [3][-]{subsubsection.3.2.1}{\376\377\000R\000e\000a\000l\000\040\000L\000i\000f\000e\000\040\000C\000o\000n\000s\000t\000r\000a\000i\000n\000t\000s\000\040\000o\000f\000\040\000t\000h\000e\000\040\000S\000t\000u\000d\000y}{subsection.3.2}% 7
\BOOKMARK [3][-]{subsubsection.3.2.2}{\376\377\000E\000t\000h\000i\000c\000a\000l\000\040\000C\000o\000n\000s\000i\000d\000e\000r\000a\000t\000i\000o\000n\000s}{subsection.3.2}% 8
\BOOKMARK [2][-]{subsection.3.3}{\376\377\000M\000u\000l\000t\000i\000d\000i\000s\000c\000i\000p\000l\000i\000n\000a\000r\000y\000\040\000A\000p\000p\000r\000o\000a\000c\000h\000e\000s\000\040\000a\000n\000d\000\040\000I\000n\000t\000e\000r\000a\000c\000t\000i\000o\000n\000s}{section.3}% 9
\BOOKMARK [1][-]{section.4}{\376\377\000M\000E\000T\000H\000O\000D\000O\000L\000O\000G\000I\000E\000S}{}% 10
\BOOKMARK [2][-]{subsection.4.1}{\376\377\000P\000r\000o\000b\000l\000e\000m\000\040\000F\000o\000r\000m\000u\000l\000a\000t\000i\000o\000n\000\040\000/\000\040\000M\000a\000t\000h\000e\000m\000a\000t\000i\000c\000a\000l\000\040\000M\000o\000d\000e\000l\000\040\000\050\000M\000I\000L\000P\000\051}{section.4}% 11
\BOOKMARK [1][-]{section.5}{\376\377\000P\000r\000o\000b\000l\000e\000m\000\040\000C\000l\000a\000s\000s}{}% 12
\BOOKMARK [1][-]{section.6}{\376\377\000S\000e\000t\000s\000\040\000a\000n\000d\000\040\000I\000n\000d\000i\000c\000e\000s}{}% 13
\BOOKMARK [1][-]{section.7}{\376\377\000P\000a\000r\000a\000m\000e\000t\000e\000r\000s}{}% 14
\BOOKMARK [1][-]{section.8}{\376\377\000D\000e\000c\000i\000s\000i\000o\000n\000\040\000V\000a\000r\000i\000a\000b\000l\000e\000s}{}% 15
\BOOKMARK [1][-]{section.9}{\376\377\000O\000b\000j\000e\000c\000t\000i\000v\000e\000\040\000F\000u\000n\000c\000t\000i\000o\000n}{}% 16
\BOOKMARK [1][-]{section.10}{\376\377\000C\000o\000n\000s\000t\000r\000a\000i\000n\000t\000s}{}% 17
\BOOKMARK [2][-]{subsection.10.1}{\376\377\0001\000\051\000\040\000C\000u\000s\000t\000o\000m\000e\000r\000\040\000A\000s\000s\000i\000g\000n\000m\000e\000n\000t}{section.10}% 18
\BOOKMARK [2][-]{subsection.10.2}{\376\377\0002\000\051\000\040\000V\000e\000h\000i\000c\000l\000e\000\040\000A\000c\000t\000i\000v\000a\000t\000i\000o\000n}{section.10}% 19
\BOOKMARK [2][-]{subsection.10.3}{\376\377\0003\000\051\000\040\000F\000l\000o\000w\000\040\000C\000o\000n\000s\000e\000r\000v\000a\000t\000i\000o\000n\000\040\000\050\000L\000i\000n\000k\000i\000n\000g\000\040\000x\000\040\000a\000n\000d\000\040\000y\000\051}{section.10}% 20
\BOOKMARK [2][-]{subsection.10.4}{\376\377\0004\000\051\000\040\000D\000e\000p\000o\000t\000\040\000C\000o\000n\000s\000t\000r\000a\000i\000n\000t\000s}{section.10}% 21
\BOOKMARK [2][-]{subsection.10.5}{\376\377\0005\000\051\000\040\000S\000t\000o\000p\000\040\000C\000o\000u\000n\000t\000\040\000C\000o\000n\000s\000t\000r\000a\000i\000n\000t\000s}{section.10}% 22
\BOOKMARK [2][-]{subsection.10.6}{\376\377\0006\000\051\000\040\000N\000e\000i\000g\000h\000b\000o\000r\000h\000o\000o\000d\000-\000A\000d\000j\000a\000c\000e\000n\000c\000y\000\040\000\050\000S\000p\000a\000t\000i\000a\000l\000\040\000C\000o\000m\000p\000a\000c\000t\000n\000e\000s\000s\000\051}{section.10}% 23
\BOOKMARK [2][-]{subsection.10.7}{\376\377\0007\000\051\000\040\000B\000a\000c\000k\000l\000o\000g\000\040\000D\000e\000f\000i\000n\000i\000t\000i\000o\000n\000\040\000\050\000S\000i\000n\000g\000l\000e\000-\000D\000a\000y\000\051}{section.10}% 24
\BOOKMARK [2][-]{subsection.10.8}{\376\377\0008\000\051\000\040\000D\000y\000n\000a\000m\000i\000c\000\040\000C\000a\000p\000a\000c\000i\000t\000y\000\040\000C\000o\000n\000s\000t\000r\000a\000i\000n\000t\000s\000\040\000\050\000S\000i\000m\000u\000l\000t\000a\000n\000e\000o\000u\000s\000\040\000P\000i\000c\000k\000u\000p\000\040\000\046\000\040\000D\000e\000l\000i\000v\000e\000r\000y\000\051}{section.10}% 25
\BOOKMARK [2][-]{subsection.10.9}{\376\377\0009\000\051\000\040\000R\000o\000u\000t\000e\000\040\000D\000u\000r\000a\000t\000i\000o\000n\000\040\000\050\000S\000h\000i\000f\000t\000\051\000\040\000C\000o\000n\000s\000t\000r\000a\000i\000n\000t\000s}{section.10}% 26
\BOOKMARK [2][-]{subsection.10.10}{\376\377\0001\0000\000\051\000\040\000S\000u\000b\000t\000o\000u\000r\000\040\000E\000l\000i\000m\000i\000n\000a\000t\000i\000o\000n\000\040\000\050\000M\000T\000Z\000\051}{section.10}% 27
\BOOKMARK [2][-]{subsection.10.11}{\376\377\0001\0001\000\051\000\040\000V\000a\000r\000i\000a\000b\000l\000e\000\040\000D\000o\000m\000a\000i\000n\000s}{section.10}% 28
\BOOKMARK [2][-]{subsection.10.12}{\376\377\000S\000o\000l\000u\000t\000i\000o\000n\000\040\000A\000p\000p\000r\000o\000a\000c\000h}{section.10}% 29
\BOOKMARK [2][-]{subsection.10.13}{\376\377\000E\000x\000p\000e\000r\000i\000m\000e\000n\000t\000a\000l\000\040\000D\000e\000s\000i\000g\000n\000\040\000\050\000S\000c\000e\000n\000a\000r\000i\000o\000s\000\051}{section.10}% 30
\BOOKMARK [1][-]{section.11}{\376\377\000A\000N\000A\000L\000Y\000S\000I\000S\000\040\000A\000N\000D\000\040\000R\000E\000S\000U\000L\000T\000S}{}% 31
\BOOKMARK [2][-]{subsection.11.1}{\376\377\000A\000n\000a\000l\000y\000s\000i\000s}{section.11}% 32
\BOOKMARK [2][-]{subsection.11.2}{\376\377\000R\000e\000s\000u\000l\000t\000s}{section.11}% 33
\BOOKMARK [1][-]{section.12}{\376\377\000D\000I\000S\000C\000U\000S\000S\000I\000O\000N\000S}{}% 34
\BOOKMARK [2][-]{subsection.12.1}{\376\377\000S\000t\000u\000d\000y\000\040\000l\000i\000m\000i\000t\000a\000t\000i\000o\000n\000s}{section.12}% 35
\BOOKMARK [2][-]{subsection.12.2}{\376\377\000A\000p\000p\000l\000i\000c\000a\000b\000i\000l\000i\000t\000y\000\040\000o\000f\000\040\000t\000h\000e\000\040\000p\000r\000o\000j\000e\000c\000t\000\040\000u\000n\000d\000e\000r\000\040\000r\000e\000a\000l\000\040\000l\000i\000f\000e\000\040\000s\000i\000t\000u\000a\000t\000i\000o\000n\000s}{section.12}% 36
\BOOKMARK [2][-]{subsection.12.3}{\376\377\000H\000e\000a\000l\000t\000h\000\040\000a\000n\000d\000\040\000S\000a\000f\000e\000t\000y\000\040\000I\000s\000s\000u\000e\000s}{section.12}% 37
\BOOKMARK [2][-]{subsection.12.4}{\376\377\000L\000e\000g\000a\000l\000\040\000I\000s\000s\000u\000e\000s}{section.12}% 38
\BOOKMARK [2][-]{subsection.12.5}{\376\377\000E\000c\000o\000n\000o\000m\000i\000c\000a\000l\000\040\000I\000s\000s\000u\000e\000s\000\040\000a\000n\000d\000\040\000C\000o\000n\000s\000t\000r\000a\000i\000n\000t\000s}{section.12}% 39
\BOOKMARK [2][-]{subsection.12.6}{\376\377\000S\000u\000s\000t\000a\000i\000n\000a\000b\000i\000l\000i\000t\000y}{section.12}% 40
\BOOKMARK [2][-]{subsection.12.7}{\376\377\000P\000r\000o\000d\000u\000c\000i\000b\000i\000l\000i\000t\000y\000-\000M\000a\000n\000u\000f\000a\000c\000t\000u\000r\000a\000b\000i\000l\000i\000t\000y}{section.12}% 41
\BOOKMARK [2][-]{subsection.12.8}{\376\377\000S\000o\000c\000i\000a\000l\000\040\000a\000n\000d\000\040\000P\000o\000l\000i\000t\000i\000c\000a\000l\000\040\000I\000s\000s\000u\000e\000s}{section.12}% 42
\BOOKMARK [2][-]{subsection.12.9}{\376\377\000E\000n\000v\000i\000r\000o\000n\000m\000e\000n\000t\000a\000l\000\040\000I\000s\000s\000u\000e\000s}{section.12}% 43
\BOOKMARK [2][-]{subsection.12.10}{\376\377\000M\000u\000l\000t\000i\000d\000i\000s\000c\000i\000p\000l\000i\000n\000a\000r\000y\000\040\000C\000o\000l\000l\000a\000b\000o\000r\000a\000t\000i\000o\000n}{section.12}% 44
\BOOKMARK [1][-]{section.13}{\376\377\000C\000O\000N\000C\000L\000U\000S\000I\000O\000N\000S}{}% 45
\BOOKMARK [1][-]{section.14}{\376\377\000P\000R\000O\000J\000E\000C\000T\000\040\000P\000L\000A\000N\000\040\000A\000N\000D\000\040\000F\000U\000T\000U\000R\000E\000\040\000S\000T\000U\000D\000I\000E\000S}{}% 46
\BOOKMARK [1][-]{section.15}{\376\377\000R\000E\000F\000E\000R\000E\000N\000C\000E\000S}{}% 47
\BOOKMARK [1][-]{section.16}{\376\377\000A\000P\000P\000E\000N\000D\000I\000X}{}% 48
\BOOKMARK [1][-]{section.17}{\376\377\000r\000e\000f\000e\000r\000e\000n\000c\000e\000s}{}% 49
